<?xml version="1.0" encoding="UTF-8"?>
<!-- Generated by org.testng.reporters.JUnitReportReporter -->
<testsuite hostname="HW0825" name="test.testCalc" tests="1" failures="0" timestamp="24 Aug 2016 11:34:32 GMT" time="10.372" errors="0">
  <testcase name="Sum" time="10.372" classname="test.testCalc"/>
</testsuite> <!-- test.testCalc -->
