<?xml version="1.0" encoding="UTF-8"?>
<!-- Generated by org.testng.reporters.JUnitReportReporter -->
<testsuite hostname="HW0825" name="com.project.test.testEbay" tests="4" failures="0" timestamp="16 Sep 2016 13:37:48 GMT" time="20.107" errors="0">
  <testcase name="ebaySelling" time="3.536" classname="com.project.test.testEbay"/>
  <testcase name="ebayCategory" time="6.960" classname="com.project.test.testEbay"/>
  <testcase name="ebaySelling" time="2.735" classname="com.project.test.testEbay"/>
  <testcase name="ebayCategory" time="6.876" classname="com.project.test.testEbay"/>
</testsuite> <!-- com.project.test.testEbay -->
