<?xml version="1.0" encoding="UTF-8"?>
<!-- Generated by org.testng.reporters.JUnitReportReporter -->
<testsuite hostname="HW0825" name="com.project.test.testEbay" tests="3" failures="0" timestamp="30 Aug 2016 10:04:11 GMT" time="12.487" errors="0">
  <testcase name="eBayLogin" time="3.951" classname="com.project.test.testEbay"/>
  <testcase name="eBayLogin" time="4.071" classname="com.project.test.testEbay"/>
  <testcase name="eBayLogin" time="4.465" classname="com.project.test.testEbay"/>
</testsuite> <!-- com.project.test.testEbay -->
