<?xml version="1.0" encoding="UTF-8"?>
<!-- Generated by org.testng.reporters.JUnitReportReporter -->
<testsuite hostname="HW0825" name="com.project.setup.testParalllel" tests="3" failures="0" timestamp="30 Aug 2016 09:53:02 GMT" time="13.969" errors="0">
  <testcase name="eBayLogin" time="4.494" classname="com.project.setup.testParalllel"/>
  <testcase name="eBayLogin" time="4.348" classname="com.project.setup.testParalllel"/>
  <testcase name="eBayLogin" time="5.127" classname="com.project.setup.testParalllel"/>
</testsuite> <!-- com.project.setup.testParalllel -->
